<?xml version="1.0" encoding="UTF-8"?>
<!-- Generated by org.testng.reporters.JUnitReportReporter -->
<testsuite hostname="Elvons-Library" failures="0" tests="2" name="test.day1" time="0.012" errors="0" timestamp="2023-09-26T15:55:13 WAT" skipped="0">
  <testcase classname="test.day1" name="Demo2" time="0.005"/>
  <system-out/>
  <testcase classname="test.day1" name="Demo" time="0.007"/>
  <system-out/>
</testsuite> <!-- test.day1 -->
