<?xml version="1.0" encoding="UTF-8"?>
<!-- Generated by org.testng.reporters.JUnitReportReporter -->
<testsuite hostname="Elvons-Library" failures="0" tests="4" name="test.day3" time="0.010" errors="0" timestamp="2023-09-26T15:55:13 WAT" skipped="0">
  <testcase classname="test.day3" name="mobileSignoutHome" time="0.002"/>
  <system-out/>
  <testcase classname="test.day3" name="APILoginHome" time="0.003"/>
  <system-out/>
  <testcase classname="test.day3" name="mobileSignupHome" time="0.002"/>
  <system-out/>
  <testcase classname="test.day3" name="mobileLoginHome" time="0.003"/>
  <system-out/>
</testsuite> <!-- test.day3 -->
