<?xml version="1.0" encoding="UTF-8"?>
<!-- Generated by org.testng.reporters.JUnitReportReporter -->
<testsuite hostname="Elvons-Library" failures="0" tests="1" name="test.day1" time="0.010" errors="0" timestamp="2023-09-26T15:18:47 WAT" skipped="0">
  <testcase classname="test.day1" name="Demo2" time="0.010"/>
  <system-out/>
</testsuite> <!-- test.day1 -->
