<?xml version="1.0" encoding="UTF-8"?>
<!-- Generated by org.testng.reporters.JUnitReportReporter -->
<testsuite hostname="Elvons-Library" failures="0" tests="3" name="test.day4" time="0.019" errors="0" timestamp="2023-09-26T15:18:47 WAT" skipped="0">
  <testcase classname="test.day4" name="APILoginCar" time="0.008"/>
  <system-out/>
  <testcase classname="test.day4" name="mobileLoginCar" time="0.008"/>
  <system-out/>
  <testcase classname="test.day4" name="webLoginCar" time="0.003"/>
  <system-out/>
</testsuite> <!-- test.day4 -->
