<?xml version="1.0" encoding="UTF-8"?>
<!-- Generated by org.testng.reporters.JUnitReportReporter -->
<testsuite hostname="Elvons-Library" failures="0" tests="1" name="test.day2" time="0.003" errors="0" timestamp="2023-09-26T15:18:47 WAT" skipped="0">
  <testcase classname="test.day2" name="payLoan" time="0.003"/>
  <system-out/>
</testsuite> <!-- test.day2 -->
